2025-12-30 19:39:27 [main] INFO  UserTests:90 - ***********User is deleted successfully************
2025-12-30 19:41:25 [main] INFO  UserTests:42 - ***********Creating User************
2025-12-30 19:41:28 [main] INFO  UserTests:48 - ***********User is Created************
2025-12-30 19:41:28 [main] INFO  UserTests:55 - ***********Reading User Info************
2025-12-30 19:41:30 [main] INFO  UserTests:59 - ***********user Info is Displayed************
2025-12-30 19:41:30 [main] INFO  UserTests:65 - ***********Updating User************
2025-12-30 19:41:31 [main] INFO  UserTests:76 - **********User is updated************
2025-12-30 19:41:32 [main] INFO  UserTests:87 - ***********Deleting User************
2025-12-30 19:41:34 [main] INFO  UserTests:90 - ***********User is deleted successfully************
2025-12-30 19:42:15 [main] INFO  UserTests:42 - ***********Creating User************
2025-12-30 19:42:18 [main] INFO  UserTests:48 - ***********User is Created************
2025-12-30 19:42:18 [main] INFO  UserTests:55 - ***********Reading User Info************
2025-12-30 19:42:19 [main] INFO  UserTests:59 - ***********user Info is Displayed************
2025-12-30 19:42:19 [main] INFO  UserTests:65 - ***********Updating User************
2025-12-30 19:42:21 [main] INFO  UserTests:76 - **********User is updated************
2025-12-30 19:42:22 [main] INFO  UserTests:87 - ***********Deleting User************
2025-12-30 19:42:24 [main] INFO  UserTests:90 - ***********User is deleted successfully************
2025-12-31 19:08:52 [main] DEBUG UserTests2:35 - Debugger...
2025-12-31 19:08:52 [main] INFO  UserTests2:44 - ***********Creating User************
2025-12-31 19:08:58 [main] INFO  UserTests2:50 - ***********User is Created************
2025-12-31 19:08:58 [main] INFO  UserTests2:57 - ***********Reading User Info************
2025-12-31 19:09:00 [main] INFO  UserTests2:61 - ***********user Info is Displayed************
2025-12-31 19:09:00 [main] INFO  UserTests2:67 - ***********Updating User************
2025-12-31 19:09:02 [main] INFO  UserTests2:78 - **********User is updated************
2025-12-31 19:09:03 [main] INFO  UserTests2:89 - ***********Deleting User************
2025-12-31 19:09:05 [main] INFO  UserTests2:92 - ***********User is deleted successfully************
2025-12-31 19:48:46 [main] DEBUG UserTests2:35 - Debugger...
2025-12-31 19:48:46 [main] INFO  UserTests2:44 - ***********Creating User************
2025-12-31 19:48:50 [main] INFO  UserTests2:50 - ***********User is Created************
2025-12-31 19:48:50 [main] INFO  UserTests2:57 - ***********Reading User Info************
2025-12-31 19:48:52 [main] INFO  UserTests2:61 - ***********user Info is Displayed************
2025-12-31 19:48:52 [main] INFO  UserTests2:67 - ***********Updating User************
2025-12-31 19:48:54 [main] INFO  UserTests2:78 - **********User is updated************
2025-12-31 19:48:57 [main] INFO  UserTests2:89 - ***********Deleting User************
2025-12-31 19:48:59 [main] INFO  UserTests2:92 - ***********User is deleted successfully************
2025-12-31 20:11:56 [main] DEBUG UserTests2:35 - Debugger...
2025-12-31 20:11:56 [main] INFO  UserTests2:44 - ***********Creating User************
2025-12-31 20:12:01 [main] INFO  UserTests2:50 - ***********User is Created************
2025-12-31 20:12:01 [main] INFO  UserTests2:57 - ***********Reading User Info************
2025-12-31 20:12:03 [main] INFO  UserTests2:61 - ***********user Info is Displayed************
2025-12-31 20:12:03 [main] INFO  UserTests2:67 - ***********Updating User************
2025-12-31 20:12:05 [main] INFO  UserTests2:78 - **********User is updated************
2025-12-31 20:12:07 [main] INFO  UserTests2:89 - ***********Deleting User************
2025-12-31 20:12:08 [main] INFO  UserTests2:92 - ***********User is deleted successfully************
2026-01-01 14:48:11 [main] DEBUG UserTests2:35 - Debugger...
2026-01-01 14:48:11 [main] INFO  UserTests2:44 - ***********Creating User************
2026-01-01 14:48:14 [main] INFO  UserTests2:50 - ***********User is Created************
2026-01-01 14:48:14 [main] INFO  UserTests2:57 - ***********Reading User Info************
2026-01-01 14:48:16 [main] INFO  UserTests2:61 - ***********user Info is Displayed************
2026-01-01 14:48:16 [main] INFO  UserTests2:67 - ***********Updating User************
2026-01-01 14:48:17 [main] INFO  UserTests2:78 - **********User is updated************
2026-01-01 14:48:18 [main] INFO  UserTests2:89 - ***********Deleting User************
2026-01-01 14:48:20 [main] INFO  UserTests2:92 - ***********User is deleted successfully************
